<?xml version="1.0" encoding="UTF-8"?>
<!-- Generated by org.testng.reporters.JUnitXMLReporter -->
<testsuite hostname="hasangulbaba_nb" ignored="1" name="Command line test" tests="2" failures="0" timestamp="06 Oca 2023 00:16:13 GMT" time="32.923" errors="0">
  <testcase name="gridTestNgArabam" time="14.965" classname="test.TestNgGridDemo"/>
  <testcase name="gridTestNgDemo" time="14.255" classname="test.TestNgGridDemo"/>
  <testcase name="@BeforeTest beforeScenario" time="0.0" classname="test.TestRunner">
    <ignored/>
  </testcase> <!-- @BeforeTest beforeScenario -->
</testsuite> <!-- Command line test -->
