<?xml version="1.0" encoding="UTF-8"?>
<testng-results skipped="0" failed="0" ignored="0" total="1" passed="1">
  <reporter-output>
  </reporter-output>
  <suite name="suite" duration-ms="64" started-at="2023-01-11T22:23:56Z" finished-at="2023-01-11T22:23:56Z">
    <groups>
    </groups>
    <test name="test suite" duration-ms="64" started-at="2023-01-11T22:23:56Z" finished-at="2023-01-11T22:23:56Z">
      <class name="test.JenkinsTest">
        <test-method status="PASS" signature="givenNumber_whenEven_thenTrue()[pri:0, instance:test.JenkinsTest@1efef64]" name="givenNumber_whenEven_thenTrue" duration-ms="48" started-at="2023-01-11T22:23:56Z" finished-at="2023-01-11T22:23:56Z">
          <reporter-output>
          </reporter-output>
        </test-method> <!-- givenNumber_whenEven_thenTrue -->
      </class> <!-- test.JenkinsTest -->
    </test> <!-- test suite -->
  </suite> <!-- suite -->
</testng-results>
